0 info it worked if it ends with ok
1 verbose cli [ 'C:\\Program Files\\nodejs\\node.exe',
1 verbose cli   'C:\\Program Files\\nodejs\\node_modules\\npm\\bin\\npm-cli.js',
1 verbose cli   'install',
1 verbose cli   'ng-dialog' ]
2 info using npm@3.6.0
3 info using node@v5.6.0
4 silly loadCurrentTree Starting
5 silly install loadCurrentTree
6 silly install readLocalPackageData
7 silly fetchPackageMetaData ng-dialog
8 silly fetchNamedPackageData ng-dialog
9 silly mapToRegistry name ng-dialog
10 silly mapToRegistry using default registry
11 silly mapToRegistry registry https://registry.npmjs.org/
12 silly mapToRegistry uri https://registry.npmjs.org/ng-dialog
13 verbose request uri https://registry.npmjs.org/ng-dialog
14 verbose request no auth needed
15 info attempt registry request try #1 at 16:48:56
16 verbose request id b62bc0939af0d633
17 http request GET https://registry.npmjs.org/ng-dialog
18 info retry will retry, error on last attempt: Error: tunneling socket could not be established, cause=getaddrinfo ENOTFOUND arya.stark.hp arya.stark.hp:3128
19 info attempt registry request try #2 at 16:49:06
20 http request GET https://registry.npmjs.org/ng-dialog
21 info retry will retry, error on last attempt: Error: tunneling socket could not be established, cause=getaddrinfo ENOTFOUND arya.stark.hp arya.stark.hp:3128
22 info attempt registry request try #3 at 16:50:06
23 http request GET https://registry.npmjs.org/ng-dialog
24 silly fetchPackageMetaData Error: tunneling socket could not be established, cause=getaddrinfo ENOTFOUND arya.stark.hp arya.stark.hp:3128
24 silly fetchPackageMetaData     at ClientRequest.onError (C:\Program Files\nodejs\node_modules\npm\node_modules\request\node_modules\tunnel-agent\index.js:176:17)
24 silly fetchPackageMetaData     at ClientRequest.g (events.js:273:16)
24 silly fetchPackageMetaData     at emitOne (events.js:90:13)
24 silly fetchPackageMetaData     at ClientRequest.emit (events.js:182:7)
24 silly fetchPackageMetaData     at Socket.socketErrorListener (_http_client.js:262:9)
24 silly fetchPackageMetaData     at emitOne (events.js:90:13)
24 silly fetchPackageMetaData     at Socket.emit (events.js:182:7)
24 silly fetchPackageMetaData     at connectErrorNT (net.js:988:8)
24 silly fetchPackageMetaData     at nextTickCallbackWith2Args (node.js:475:9)
24 silly fetchPackageMetaData     at process._tickCallback (node.js:389:17)
24 silly fetchPackageMetaData  error for ng-dialog { [Error: tunneling socket could not be established, cause=getaddrinfo ENOTFOUND arya.stark.hp arya.stark.hp:3128] code: 'ECONNRESET' }
25 silly rollbackFailedOptional Starting
26 silly rollbackFailedOptional Finishing
27 silly runTopLevelLifecycles Starting
28 silly runTopLevelLifecycles Finishing
29 silly install printInstalled
30 verbose stack Error: tunneling socket could not be established, cause=getaddrinfo ENOTFOUND arya.stark.hp arya.stark.hp:3128
30 verbose stack     at ClientRequest.onError (C:\Program Files\nodejs\node_modules\npm\node_modules\request\node_modules\tunnel-agent\index.js:176:17)
30 verbose stack     at ClientRequest.g (events.js:273:16)
30 verbose stack     at emitOne (events.js:90:13)
30 verbose stack     at ClientRequest.emit (events.js:182:7)
30 verbose stack     at Socket.socketErrorListener (_http_client.js:262:9)
30 verbose stack     at emitOne (events.js:90:13)
30 verbose stack     at Socket.emit (events.js:182:7)
30 verbose stack     at connectErrorNT (net.js:988:8)
30 verbose stack     at nextTickCallbackWith2Args (node.js:475:9)
30 verbose stack     at process._tickCallback (node.js:389:17)
31 verbose cwd C:\progetto\SpringRequestMappingExample\SpringRequestMappingExample\src\main\frontend
32 error Windows_NT 6.2.9200
33 error argv "C:\\Program Files\\nodejs\\node.exe" "C:\\Program Files\\nodejs\\node_modules\\npm\\bin\\npm-cli.js" "install" "ng-dialog"
34 error node v5.6.0
35 error npm  v3.6.0
36 error code ECONNRESET
37 error network tunneling socket could not be established, cause=getaddrinfo ENOTFOUND arya.stark.hp arya.stark.hp:3128
38 error network This is most likely not a problem with npm itself
38 error network and is related to network connectivity.
38 error network In most cases you are behind a proxy or have bad network settings.
38 error network
38 error network If you are behind a proxy, please make sure that the
38 error network 'proxy' config is set properly.  See: 'npm help config'
39 verbose exit [ 1, true ]
